<?xml version="1.0" encoding="UTF-8"?>
<!-- Generated by org.testng.reporters.JUnitXMLReporter -->
<testsuite ignored="0" hostname="VDC1ODCD200101" failures="1" tests="1" name="Default test(failed)" time="0.122" errors="0" timestamp="2023-10-06T18:20:05 IST">
  <testcase classname="TestNG_Revise.parameter" name="test1" time="0.0">
    <failure type="org.testng.TestNGException" message="
Parameter &amp;apos;text1&amp;apos; is required by @Test on method test1 but has not been marked @Optional or defined
in C:\Users\p81427\git\Revise_And-Learning\Revise-And-Learning\test-output\testng-failed.xml">
      <![CDATA[org.testng.TestNGException: 
Parameter 'text1' is required by @Test on method test1 but has not been marked @Optional or defined
in C:\Users\p81427\git\Revise_And-Learning\Revise-And-Learning\test-output\testng-failed.xml
at java.base/java.util.ArrayList.forEach(ArrayList.java:1511)
... Removed 26 stack frames]]>
    </failure>
  </testcase> <!-- test1 -->
</testsuite> <!-- Default test(failed) -->
